This is XeTeX, Version 3.1415926-2.5-0.9999.3 (TeX Live 2013/Debian) (format=xelatex 2014.11.14)  25 NOV 2014 12:07
entering extended mode
 restricted \write18 enabled.
 %&-line parsing enabled.
**现代控制.tex
(./现代控制.tex
LaTeX2e <2011/06/27>
Babel <3.9h> and hyphenation patterns for 78 languages loaded.
(/usr/share/texlive/texmf-dist/tex/latex/base/article.cls
Document Class: article 2007/10/19 v1.4h Standard LaTeX document class
(/usr/share/texlive/texmf-dist/tex/latex/base/size10.clo
File: size10.clo 2007/10/19 v1.4h Standard LaTeX file (size option)
)
\c@part=\count80
\c@section=\count81
\c@subsection=\count82
\c@subsubsection=\count83
\c@paragraph=\count84
\c@subparagraph=\count85
\c@figure=\count86
\c@table=\count87
\abovecaptionskip=\skip41
\belowcaptionskip=\skip42
\bibindent=\dimen102
)
(/usr/share/texlive/texmf-dist/tex/latex/geometry/geometry.sty
Package: geometry 2010/09/12 v5.6 Page Geometry

(/usr/share/texlive/texmf-dist/tex/latex/graphics/keyval.sty
Package: keyval 1999/03/16 v1.13 key=value parser (DPC)
\KV@toks@=\toks14
)
(/usr/share/texlive/texmf-dist/tex/generic/oberdiek/ifpdf.sty
Package: ifpdf 2011/01/30 v2.3 Provides the ifpdf switch (HO)
Package ifpdf Info: pdfTeX in PDF mode is not detected.
)
(/usr/share/texlive/texmf-dist/tex/generic/oberdiek/ifvtex.sty
Package: ifvtex 2010/03/01 v1.5 Detect VTeX and its facilities (HO)
Package ifvtex Info: VTeX not detected.
)
(/usr/share/texlive/texmf-dist/tex/generic/ifxetex/ifxetex.sty
Package: ifxetex 2010/09/12 v0.6 Provides ifxetex conditional
)
\Gm@cnth=\count88
\Gm@cntv=\count89
\c@Gm@tempcnt=\count90
\Gm@bindingoffset=\dimen103
\Gm@wd@mp=\dimen104
\Gm@odd@mp=\dimen105
\Gm@even@mp=\dimen106
\Gm@layoutwidth=\dimen107
\Gm@layoutheight=\dimen108
\Gm@layouthoffset=\dimen109
\Gm@layoutvoffset=\dimen110
\Gm@dimlist=\toks15
)
(/usr/share/texlive/texmf-dist/tex/latex/titlesec/titlesec.sty
Package: titlesec 2011/12/15 v2.10.0 Sectioning titles
\ttl@box=\box26
\beforetitleunit=\skip43
\aftertitleunit=\skip44
\ttl@plus=\dimen111
\ttl@minus=\dimen112
\ttl@toksa=\toks16
\titlewidth=\dimen113
\titlewidthlast=\dimen114
\titlewidthfirst=\dimen115
)
(/usr/share/texlive/texmf-dist/tex/latex/fontspec/fontspec.sty
Package: fontspec 2013/05/20 v2.3c Font selection for XeLaTeX and LuaLaTeX

(/usr/share/texlive/texmf-dist/tex/latex/l3kernel/expl3.sty
(/usr/share/texlive/texmf-dist/tex/latex/l3kernel/l3names.sty
(/usr/share/texlive/texmf-dist/tex/latex/l3kernel/l3bootstrap.sty
Package: l3bootstrap 2014/01/04 v4640 L3 Experimental bootstrap code
)
Package: l3names 2014/01/04 v4640 L3 Namespace for primitives
)
(/usr/share/texlive/texmf-dist/tex/latex/etex-pkg/etex.sty
Package: etex 1998/03/26 v2.0 eTeX basic definition package (PEB)
\et@xins=\count91
)
Package: expl3 2014/01/07 v4646 L3 Experimental code bundle wrapper

(/usr/share/texlive/texmf-dist/tex/latex/l3kernel/l3basics.sty
Package: l3basics 2014/01/04 v4642 L3 Basic definitions
)
(/usr/share/texlive/texmf-dist/tex/latex/l3kernel/l3expan.sty
Package: l3expan 2014/01/04 v4642 L3 Argument expansion
)
(/usr/share/texlive/texmf-dist/tex/latex/l3kernel/l3tl.sty
Package: l3tl 2013/12/27 v4625 L3 Token lists
)
(/usr/share/texlive/texmf-dist/tex/latex/l3kernel/l3seq.sty
Package: l3seq 2013/12/14 v4623 L3 Sequences and stacks
)
(/usr/share/texlive/texmf-dist/tex/latex/l3kernel/l3int.sty
Package: l3int 2013/08/02 v4583 L3 Integers
\c_max_int=\count92
\l_tmpa_int=\count93
\l_tmpb_int=\count94
\g_tmpa_int=\count95
\g_tmpb_int=\count96
)
(/usr/share/texlive/texmf-dist/tex/latex/l3kernel/l3quark.sty
Package: l3quark 2013/12/14 v4623 L3 Quarks
)
(/usr/share/texlive/texmf-dist/tex/latex/l3kernel/l3prg.sty
Package: l3prg 2014/01/04 v4642 L3 Control structures
\g__prg_map_int=\count97
)
(/usr/share/texlive/texmf-dist/tex/latex/l3kernel/l3clist.sty
Package: l3clist 2013/07/28 v4581 L3 Comma separated lists
)
(/usr/share/texlive/texmf-dist/tex/latex/l3kernel/l3token.sty
Package: l3token 2013/08/25 v4587 L3 Experimental token manipulation
)
(/usr/share/texlive/texmf-dist/tex/latex/l3kernel/l3prop.sty
Package: l3prop 2013/12/14 v4623 L3 Property lists
)
(/usr/share/texlive/texmf-dist/tex/latex/l3kernel/l3msg.sty
Package: l3msg 2013/07/28 v4581 L3 Messages
)
(/usr/share/texlive/texmf-dist/tex/latex/l3kernel/l3file.sty
Package: l3file 2013/10/13 v4596 L3 File and I/O operations
\l_iow_line_count_int=\count98
\l__iow_target_count_int=\count99
\l__iow_current_line_int=\count100
\l__iow_current_word_int=\count101
\l__iow_current_indentation_int=\count102
)
(/usr/share/texlive/texmf-dist/tex/latex/l3kernel/l3skip.sty
Package: l3skip 2013/07/28 v4581 L3 Dimensions and skips
\c_zero_dim=\dimen116
\c_max_dim=\dimen117
\l_tmpa_dim=\dimen118
\l_tmpb_dim=\dimen119
\g_tmpa_dim=\dimen120
\g_tmpb_dim=\dimen121
\c_zero_skip=\skip45
\c_max_skip=\skip46
\l_tmpa_skip=\skip47
\l_tmpb_skip=\skip48
\g_tmpa_skip=\skip49
\g_tmpb_skip=\skip50
\c_zero_muskip=\muskip10
\c_max_muskip=\muskip11
\l_tmpa_muskip=\muskip12
\l_tmpb_muskip=\muskip13
\g_tmpa_muskip=\muskip14
\g_tmpb_muskip=\muskip15
)
(/usr/share/texlive/texmf-dist/tex/latex/l3kernel/l3keys.sty
Package: l3keys 2013/12/08 v4614 L3 Experimental key-value interfaces
\g__keyval_level_int=\count103
\l_keys_choice_int=\count104
)
(/usr/share/texlive/texmf-dist/tex/latex/l3kernel/l3fp.sty
Package: l3fp 2014/01/04 v4642 L3 Floating points
\c__fp_leading_shift_int=\count105
\c__fp_middle_shift_int=\count106
\c__fp_trailing_shift_int=\count107
\c__fp_big_leading_shift_int=\count108
\c__fp_big_middle_shift_int=\count109
\c__fp_big_trailing_shift_int=\count110
\c__fp_Bigg_leading_shift_int=\count111
\c__fp_Bigg_middle_shift_int=\count112
\c__fp_Bigg_trailing_shift_int=\count113
)
(/usr/share/texlive/texmf-dist/tex/latex/l3kernel/l3box.sty
Package: l3box 2013/07/28 v4581 L3 Experimental boxes
\c_empty_box=\box27
\l_tmpa_box=\box28
\l_tmpb_box=\box29
\g_tmpa_box=\box30
\g_tmpb_box=\box31
)
(/usr/share/texlive/texmf-dist/tex/latex/l3kernel/l3coffins.sty
Package: l3coffins 2013/12/14 v4624 L3 Coffin code layer
\l__coffin_internal_box=\box32
\l__coffin_internal_dim=\dimen122
\l__coffin_offset_x_dim=\dimen123
\l__coffin_offset_y_dim=\dimen124
\l__coffin_x_dim=\dimen125
\l__coffin_y_dim=\dimen126
\l__coffin_x_prime_dim=\dimen127
\l__coffin_y_prime_dim=\dimen128
\c_empty_coffin=\box33
\l__coffin_aligned_coffin=\box34
\l__coffin_aligned_internal_coffin=\box35
\l_tmpa_coffin=\box36
\l_tmpb_coffin=\box37
\l__coffin_display_coffin=\box38
\l__coffin_display_coord_coffin=\box39
\l__coffin_display_pole_coffin=\box40
\l__coffin_display_offset_dim=\dimen129
\l__coffin_display_x_dim=\dimen130
\l__coffin_display_y_dim=\dimen131
)
(/usr/share/texlive/texmf-dist/tex/latex/l3kernel/l3color.sty
Package: l3color 2012/08/29 v4156 L3 Experimental color support
)
(/usr/share/texlive/texmf-dist/tex/latex/l3kernel/l3luatex.sty
Package: l3luatex 2013/07/28 v4581 L3 Experimental LuaTeX-specific functions
\g__cctab_allocate_int=\count114
\g__cctab_stack_int=\count115
)
(/usr/share/texlive/texmf-dist/tex/latex/l3kernel/l3candidates.sty
Package: l3candidates 2014/01/06 v4643 L3 Experimental additions to l3kernel
\l__box_top_dim=\dimen132
\l__box_bottom_dim=\dimen133
\l__box_left_dim=\dimen134
\l__box_right_dim=\dimen135
\l__box_top_new_dim=\dimen136
\l__box_bottom_new_dim=\dimen137
\l__box_left_new_dim=\dimen138
\l__box_right_new_dim=\dimen139
\l__box_internal_box=\box41
\l__coffin_bounding_shift_dim=\dimen140
\l__coffin_left_corner_dim=\dimen141
\l__coffin_right_corner_dim=\dimen142
\l__coffin_bottom_corner_dim=\dimen143
\l__coffin_top_corner_dim=\dimen144
\l__coffin_scaled_total_height_dim=\dimen145
\l__coffin_scaled_width_dim=\dimen146
))
(/usr/share/texlive/texmf-dist/tex/latex/l3packages/xparse/xparse.sty
Package: xparse 2013/12/31 v4634 L3 Experimental document command parser
\l__xparse_current_arg_int=\count116
\l__xparse_m_args_int=\count117
\l__xparse_mandatory_args_int=\count118
\l__xparse_processor_int=\count119
\l__xparse_v_nesting_int=\count120
)
\l_fontspec_script_int=\count121
\l_fontspec_language_int=\count122
\l_fontspec_strnum_int=\count123
\l_fontspec_tmpa_dim=\dimen147
\l_fontspec_tmpb_dim=\dimen148
\l_fontspec_tmpc_dim=\dimen149
Variant \tl_gset:cV already defined; not changing it on line 69

(/usr/share/texlive/texmf-dist/tex/latex/fontspec/fontspec-patches.sty
Package: fontspec-patches 2013/05/20 v2.3c Font selection for XeLaTeX and LuaLa
TeX

(/usr/share/texlive/texmf-dist/tex/latex/base/fixltx2e.sty
Package: fixltx2e 2006/09/13 v1.1m fixes to LaTeX
LaTeX Info: Redefining \em on input line 420.
)
LaTeX Info: Redefining \em on input line 22.
LaTeX Info: Redefining \emph on input line 30.
LaTeX Info: Redefining \- on input line 33.

*************************************************
* LaTeX warning: "xparse/redefine-command"
* 
* Redefining document command \oldstylenums with arg. spec. 'm' on line 128.
*************************************************
.................................................
. LaTeX info: "xparse/define-command"
. 
. Defining document command \liningnums with arg. spec. 'm' on line 132.
.................................................
) (/usr/share/texlive/texmf-dist/tex/latex/fontspec/fontspec-xetex.sty
Package: fontspec-xetex 2013/05/20 v2.3c Font selection for XeLaTeX and LuaLaTe
X

(/usr/share/texlive/texmf-dist/tex/latex/base/fontenc.sty
Package: fontenc 2005/09/27 v1.99g Standard LaTeX package

(/usr/share/texlive/texmf-dist/tex/latex/euenc/eu1enc.def
File: eu1enc.def 2010/05/27 v0.1h Experimental Unicode font encodings
)
LaTeX Font Info:    Try loading font information for EU1+lmr on input line 100.


(/usr/share/texlive/texmf-dist/tex/latex/euenc/eu1lmr.fd
File: eu1lmr.fd 2009/10/30 v1.6 Font defs for Latin Modern
))
(/usr/share/texlive/texmf-dist/tex/xelatex/xunicode/xunicode.sty
File: xunicode.sty 2011/09/09 v0.981 provides access to latin accents and many 
other characters in Unicode lower plane

(/usr/share/texmf/tex/latex/tipa/t3enc.def
File: t3enc.def 2001/12/31 T3 encoding
LaTeX Font Info:    Try loading font information for EU1+lmss on input line 357
.

(/usr/share/texlive/texmf-dist/tex/latex/euenc/eu1lmss.fd
File: eu1lmss.fd 2009/10/30 v1.6 Font defs for Latin Modern
))
\tipaTiiicode=\count124
\tipasavetokens=\toks17
\tipachecktokens=\toks18

(/usr/share/texlive/texmf-dist/tex/latex/graphics/graphicx.sty
Package: graphicx 1999/02/16 v1.0f Enhanced LaTeX Graphics (DPC,SPQR)

(/usr/share/texlive/texmf-dist/tex/latex/graphics/graphics.sty
Package: graphics 2009/02/05 v1.0o Standard LaTeX Graphics (DPC,SPQR)

(/usr/share/texlive/texmf-dist/tex/latex/graphics/trig.sty
Package: trig 1999/03/16 v1.09 sin cos tan (DPC)
)
(/usr/share/texlive/texmf-dist/tex/latex/latexconfig/graphics.cfg
File: graphics.cfg 2010/04/23 v1.9 graphics configuration of TeX Live
)
Package graphics Info: Driver file: xetex.def on input line 91.

(/usr/share/texlive/texmf-dist/tex/xelatex/xetex-def/xetex.def
File: xetex.def 2013/04/29 v0.96 LaTeX color/graphics driver for XeTeX (RRM/JK)

))
\Gin@req@height=\dimen150
\Gin@req@width=\dimen151
))
.................................................
. LaTeX info: "xparse/define-command"
. 
. Defining document command \fontspec with arg. spec. 'O{}m' on line 41.
.................................................
.................................................
. LaTeX info: "xparse/define-command"
. 
. Defining document command \setmainfont with arg. spec. 'O{}m' on line 46.
.................................................
.................................................
. LaTeX info: "xparse/define-command"
. 
. Defining document command \setsansfont with arg. spec. 'O{}m' on line 51.
.................................................
.................................................
. LaTeX info: "xparse/define-command"
. 
. Defining document command \setmonofont with arg. spec. 'O{}m' on line 56.
.................................................
.................................................
. LaTeX info: "xparse/define-command"
. 
. Defining document command \setmathrm with arg. spec. 'O{}m' on line 65.
.................................................
.................................................
. LaTeX info: "xparse/define-command"
. 
. Defining document command \setboldmathrm with arg. spec. 'O{}m' on line 69.
.................................................
.................................................
. LaTeX info: "xparse/define-command"
. 
. Defining document command \setmathsf with arg. spec. 'O{}m' on line 73.
.................................................
.................................................
. LaTeX info: "xparse/define-command"
. 
. Defining document command \setmathtt with arg. spec. 'O{}m' on line 77.
.................................................
.................................................
. LaTeX info: "xparse/define-command"
. 
. Defining document command \newfontfamily with arg. spec. 'mO{}m' on line 96.
.................................................
.................................................
. LaTeX info: "xparse/define-command"
. 
. Defining document command \newfontface with arg. spec. 'mO{}m' on line 100.
.................................................
.................................................
. LaTeX info: "xparse/define-command"
. 
. Defining document command \defaultfontfeatures with arg. spec. 'om' on line
. 108.
.................................................
.................................................
. LaTeX info: "xparse/define-command"
. 
. Defining document command \addfontfeatures with arg. spec. 'm' on line 144.
.................................................
.................................................
. LaTeX info: "xparse/define-command"
. 
. Defining document command \newfontfeature with arg. spec. 'mm' on line 156.
.................................................
.................................................
. LaTeX info: "xparse/define-command"
. 
. Defining document command \newAATfeature with arg. spec. 'mmmm' on line 164.
.................................................
.................................................
. LaTeX info: "xparse/define-command"
. 
. Defining document command \newICUfeature with arg. spec. 'mmm' on line 172.
.................................................
.................................................
. LaTeX info: "xparse/define-command"
. 
. Defining document command \aliasfontfeature with arg. spec. 'mm' on line
. 201.
.................................................
.................................................
. LaTeX info: "xparse/define-command"
. 
. Defining document command \aliasfontfeatureoption with arg. spec. 'mmm' on
. line 203.
.................................................
.................................................
. LaTeX info: "xparse/define-command"
. 
. Defining document command \newfontscript with arg. spec. 'mm' on line 208.
.................................................
.................................................
. LaTeX info: "xparse/define-command"
. 
. Defining document command \newfontlanguage with arg. spec. 'mm' on line 235.
.................................................
.................................................
. LaTeX info: "xparse/define-command"
. 
. Defining document command \DeclareFontsExtensions with arg. spec. 'm' on
. line 256.
.................................................
Variant \prop_gput:cnV already defined; not changing it on line 582
Variant \prop_gput:cnx already defined; not changing it on line 583
\l_fontspec_tmp_int=\count125
LaTeX Info: Redefining \itshape on input line 2087.
LaTeX Info: Redefining \slshape on input line 2092.
LaTeX Info: Redefining \scshape on input line 2097.
LaTeX Info: Redefining \upshape on input line 2102.

(/usr/share/texlive/texmf-dist/tex/latex/fontspec/fontspec.cfg)))
\g__file_internal_ior=\read1
.................................................
. fontspec info: "no-scripts"
. 
. Font WenQuanYi Zen Hei does not contain any OpenType `Script' information.
.................................................
\g_fontspec_family_WenQuanYi Zen Hei_int=\count126
.................................................
. fontspec info: "no-font-shape"
. 
. Could not resolve font WenQuanYi Zen Hei/B (it probably doesn't exist).
.................................................
.................................................
. fontspec info: "no-font-shape"
. 
. Could not resolve font WenQuanYi Zen Hei/I (it probably doesn't exist).
.................................................
.................................................
. fontspec info: "no-font-shape"
. 
. Could not resolve font WenQuanYi Zen Hei/BI (it probably doesn't exist).
.................................................
.................................................
. fontspec info: "defining-font"
. 
. Font family 'WenQuanYiZenHei(0)' created for font 'WenQuanYi Zen Hei' with
. options [].
. 
. This font family consists of the following shapes:
. 
. * 'normal' with NFSS spec.:
. <->"WenQuanYi Zen Hei/ICU:"
.................................................

No file 现代控制.aux.
\openout1 = `现代控制.aux'.

LaTeX Font Info:    Checking defaults for OML/cmm/m/it on input line 11.
LaTeX Font Info:    ... okay on input line 11.
LaTeX Font Info:    Checking defaults for T1/cmr/m/n on input line 11.
LaTeX Font Info:    ... okay on input line 11.
LaTeX Font Info:    Checking defaults for OT1/cmr/m/n on input line 11.
LaTeX Font Info:    ... okay on input line 11.
LaTeX Font Info:    Checking defaults for OMS/cmsy/m/n on input line 11.
LaTeX Font Info:    ... okay on input line 11.
LaTeX Font Info:    Checking defaults for OMX/cmex/m/n on input line 11.
LaTeX Font Info:    ... okay on input line 11.
LaTeX Font Info:    Checking defaults for U/cmr/m/n on input line 11.
LaTeX Font Info:    ... okay on input line 11.
LaTeX Font Info:    Checking defaults for EU1/lmr/m/n on input line 11.
LaTeX Font Info:    ... okay on input line 11.
LaTeX Font Info:    Checking defaults for T3/cmr/m/n on input line 11.
LaTeX Font Info:    Try loading font information for T3+cmr on input line 11.
(/usr/share/texmf/tex/latex/tipa/t3cmr.fd
File: t3cmr.fd 2001/12/31 TIPA font definitions
)
LaTeX Font Info:    ... okay on input line 11.

*geometry* driver: auto-detecting
*geometry* detected driver: xetex
*geometry* verbose mode - [ preamble ] result:
* driver: xetex
* paper: a4paper
* layout: <same size as paper>
* layoutoffset:(h,v)=(0.0pt,0.0pt)
* modes: 
* h-part:(L,W,R)=(90.3375pt, 416.83289pt, 90.3375pt)
* v-part:(T,H,B)=(72.26999pt, 700.50687pt, 72.26999pt)
* \paperwidth=597.50787pt
* \paperheight=845.04684pt
* \textwidth=416.83289pt
* \textheight=700.50687pt
* \oddsidemargin=18.0675pt
* \evensidemargin=18.0675pt
* \topmargin=-37.0pt
* \headheight=12.0pt
* \headsep=25.0pt
* \topskip=10.0pt
* \footskip=30.0pt
* \marginparwidth=57.0pt
* \marginparsep=11.0pt
* \columnsep=10.0pt
* \skip\footins=9.0pt plus 4.0pt minus 2.0pt
* \hoffset=0.0pt
* \voffset=0.0pt
* \mag=1000
* \@twocolumnfalse
* \@twosidefalse
* \@mparswitchfalse
* \@reversemarginfalse
* (1in=72.27pt=25.4mm, 1cm=28.453pt)

.................................................
. fontspec info: "setup-math"
. 
. Adjusting the maths setup (use [no-math] to avoid this).
.................................................
\symlegacymaths=\mathgroup4
LaTeX Font Info:    Overwriting symbol font `legacymaths' in version `bold'
(Font)                  OT1/cmr/m/n --> OT1/cmr/bx/n on input line 11.
LaTeX Font Info:    Redeclaring math accent \acute on input line 11.
LaTeX Font Info:    Redeclaring math accent \grave on input line 11.
LaTeX Font Info:    Redeclaring math accent \ddot on input line 11.
LaTeX Font Info:    Redeclaring math accent \tilde on input line 11.
LaTeX Font Info:    Redeclaring math accent \bar on input line 11.
LaTeX Font Info:    Redeclaring math accent \breve on input line 11.
LaTeX Font Info:    Redeclaring math accent \check on input line 11.
LaTeX Font Info:    Redeclaring math accent \hat on input line 11.
LaTeX Font Info:    Redeclaring math accent \dot on input line 11.
LaTeX Font Info:    Redeclaring math accent \mathring on input line 11.
LaTeX Font Info:    Redeclaring math symbol \colon on input line 11.
LaTeX Font Info:    Redeclaring math symbol \Gamma on input line 11.
LaTeX Font Info:    Redeclaring math symbol \Delta on input line 11.
LaTeX Font Info:    Redeclaring math symbol \Theta on input line 11.
LaTeX Font Info:    Redeclaring math symbol \Lambda on input line 11.
LaTeX Font Info:    Redeclaring math symbol \Xi on input line 11.
LaTeX Font Info:    Redeclaring math symbol \Pi on input line 11.
LaTeX Font Info:    Redeclaring math symbol \Sigma on input line 11.
LaTeX Font Info:    Redeclaring math symbol \Upsilon on input line 11.
LaTeX Font Info:    Redeclaring math symbol \Phi on input line 11.
LaTeX Font Info:    Redeclaring math symbol \Psi on input line 11.
LaTeX Font Info:    Redeclaring math symbol \Omega on input line 11.
LaTeX Font Info:    Redeclaring math symbol \mathdollar on input line 11.
LaTeX Font Info:    Redeclaring symbol font `operators' on input line 11.
LaTeX Font Info:    Encoding `OT1' has changed to `EU1' for symbol font
(Font)              `operators' in the math version `normal' on input line 11.
LaTeX Font Info:    Overwriting symbol font `operators' in version `normal'
(Font)                  OT1/cmr/m/n --> EU1/WenQuanYiZenHei(0)/m/n on input lin
e 11.
LaTeX Font Info:    Encoding `OT1' has changed to `EU1' for symbol font
(Font)              `operators' in the math version `bold' on input line 11.
LaTeX Font Info:    Overwriting symbol font `operators' in version `bold'
(Font)                  OT1/cmr/bx/n --> EU1/WenQuanYiZenHei(0)/m/n on input li
ne 11.
LaTeX Font Info:    Overwriting symbol font `operators' in version `normal'
(Font)                  EU1/WenQuanYiZenHei(0)/m/n --> EU1/WenQuanYiZenHei(0)/m
/n on input line 11.
LaTeX Font Info:    Overwriting math alphabet `\mathrm' in version `normal'
(Font)                  EU1/WenQuanYiZenHei(0)/m/n --> EU1/WenQuanYiZenHei(0)/m
/n on input line 11.
LaTeX Font Info:    Overwriting math alphabet `\mathit' in version `normal'
(Font)                  OT1/cmr/m/it --> EU1/WenQuanYiZenHei(0)/m/it on input l
ine 11.
LaTeX Font Info:    Overwriting math alphabet `\mathbf' in version `normal'
(Font)                  OT1/cmr/bx/n --> EU1/WenQuanYiZenHei(0)/bx/n on input l
ine 11.
LaTeX Font Info:    Overwriting math alphabet `\mathsf' in version `normal'
(Font)                  OT1/cmss/m/n --> EU1/lmss/m/n on input line 11.
LaTeX Font Info:    Overwriting math alphabet `\mathtt' in version `normal'
(Font)                  OT1/cmtt/m/n --> EU1/lmtt/m/n on input line 11.
LaTeX Font Info:    Overwriting symbol font `operators' in version `bold'
(Font)                  EU1/WenQuanYiZenHei(0)/m/n --> EU1/WenQuanYiZenHei(0)/b
x/n on input line 11.
LaTeX Font Info:    Overwriting math alphabet `\mathrm' in version `bold'
(Font)                  EU1/WenQuanYiZenHei(0)/m/n --> EU1/WenQuanYiZenHei(0)/b
x/n on input line 11.
LaTeX Font Info:    Overwriting math alphabet `\mathit' in version `bold'
(Font)                  OT1/cmr/bx/it --> EU1/WenQuanYiZenHei(0)/bx/it on input
 line 11.
LaTeX Font Info:    Overwriting math alphabet `\mathsf' in version `bold'
(Font)                  OT1/cmss/bx/n --> EU1/lmss/bx/n on input line 11.
LaTeX Font Info:    Overwriting math alphabet `\mathtt' in version `bold'
(Font)                  OT1/cmtt/m/n --> EU1/lmtt/bx/n on input line 11.
LaTeX Font Info:    External font `cmex10' loaded for size
(Font)              <12> on input line 15.
LaTeX Font Info:    External font `cmex10' loaded for size
(Font)              <8> on input line 15.
LaTeX Font Info:    External font `cmex10' loaded for size
(Font)              <6> on input line 15.
! Missing $ inserted.
<inserted text> 
                $
l.22 \left
          (\begin{array}{ccc} 1 & 0 & -1\\ 0 & -2 & 0\\ -1 & 0 & 2 \end{arra...

? 
LaTeX Font Info:    External font `cmex10' loaded for size
(Font)              <7> on input line 22.
LaTeX Font Info:    External font `cmex10' loaded for size
(Font)              <5> on input line 22.
! Missing $ inserted.
<inserted text> 
                $
l.23 
     
? 
! Missing $ inserted.
<inserted text> 
                $
l.27 \left
          (\begin{array}{c} 0\\ 0\\ 1 \end{array}\right)
? 
! Missing $ inserted.
<inserted text> 
                $
l.29 
     
? 
! Missing $ inserted.
<inserted text> 
                $
l.32 \left
          (\begin{array}{ccc} 1 & 0 & 0 \end{array}\right)
? 
! Missing $ inserted.
<inserted text> 
                $
l.33 
     
? 
! Missing $ inserted.
<inserted text> 
                $
l.48 \left
          (\begin{array}{cccc} 0 & 0 & -1 & -2 \end{array}\right)
? 
! Missing $ inserted.
<inserted text> 
                $
l.49 
     
? 
! Missing $ inserted.
<inserted text> 
                $
l.55 \left
          (\begin{array}{cccc} 1 & -1 & -5 & 2 \end{array}\right)
? 
! Missing $ inserted.
<inserted text> 
                $
l.56 
     
? 
! Missing $ inserted.
<inserted text> 
                $
l.61 [ (s - 2)/(s^
                  2 - 3*s + 1),         0,      -1/(s^2 - 3*s + 1)]
? 
! Missing $ inserted.
<inserted text> 
                $
l.64 
     
? 
! Missing $ inserted.
<inserted text> 
                $
l.69 \left
          (\begin{array}{ccc} \frac{s - 2}{s^2 - 3\, s + 1} & 0 & -\frac{1}{...

? 
! Missing $ inserted.
<inserted text> 
                $
l.70 
     
? 
! Missing $ inserted.
<inserted text> 
                $
l.85 [ 1, 0, 0, (s - 2)/(s^
                           2 - 3*s + 1),         0,      -1/(s^2 - 3*s + 1)]
? 
! Missing $ inserted.
<inserted text> 
                $
l.88 
     
? 
! Missing $ inserted.
<inserted text> 
                $
l.93 \left
          (\begin{array}{cccccc} s - 1 & 0 & 1 & 1 & 0 & 0\\ 0 & s + 2 & 0 &...

? 
! Missing $ inserted.
<inserted text> 
                $
l.94 
     
? 
! Missing $ inserted.
<inserted text> 
                $
l.99 \left
          (\begin{array}{cccccc} 1 & 0 & 0 & \frac{s - 2}{s^2 - 3\, s + 1} &...

? 
! Missing $ inserted.
<inserted text> 
                $
l.100 
      
? 
[1

]
! Missing $ inserted.
<inserted text> 
                $
l.104 latex(ilaplace(E^
                       -1))
? 
! Missing $ inserted.
<inserted text> 
                $
l.105 
      
? 
! Missing $ inserted.
<inserted text> 
                $
l.108 \left
           (\begin{array}{ccc} \mathrm{e}^{\frac{3\, t}{2}}\, \left(\cosh\!\...

? 
! Missing $ inserted.
<inserted text> 
                $
l.110 
      
? 

Overfull \hbox (73.36775pt too wide) in paragraph at lines 108--110
[]$[] [][]\OML/cmm/m/it/10 T[][][][][]\OT1/cmr/m/n/10 52[]2 \OMS/cmsy/m/n/10 ^^
@
 []

! Missing $ inserted.
<inserted text> 
                $
l.118 \left
           (\begin{array}{c} \frac{\mathrm{e}^{\frac{3\, t}{2} - \frac{\sqrt...

? 
! Missing $ inserted.
<inserted text> 
                $
l.119 
      
? 

Overfull \hbox (316.8075pt too wide) in paragraph at lines 118--119
[]$[]$ 
 []

! Missing $ inserted.
<inserted text> 
                $
l.124 \left
           (\begin{array}{c} \mathrm{e}^{\frac{3\, t}{2}}\, \left(\cosh\!\le...

? 
! Missing $ inserted.
<inserted text> 
                $
l.125 
      
? 
! Missing $ inserted.
<inserted text> 
                $
l.130 \left
           (\begin{array}{c} \frac{\mathrm{e}^{\frac{3\, t}{2} - \frac{\sqrt...

? 
! Missing $ inserted.
<inserted text> 
                $
l.131 
      
? 

Overfull \hbox (72.08847pt too wide) in paragraph at lines 130--131
[]$[]$ 
 []

! Missing $ inserted.
<inserted text> 
                $
l.132 状态方程的能空检验矩阵Qc=[B AB A^
                                                  2B]
? 
! Missing $ inserted.
<inserted text> 
                $
l.134 
      
? 
! Missing $ inserted.
<inserted text> 
                $
l.146 \left
           (\begin{array}{c} -1\\ 0\\ 2 \end{array}\right)
? 
! Missing $ inserted.
<inserted text> 
                $
l.148 
      
? 
! Missing $ inserted.
<inserted text> 
                $
l.154 latex(sym(A^
                  2*B))
? 
! Missing $ inserted.
<inserted text> 
                $
l.155 
      
? 
! Missing $ inserted.
<inserted text> 
                $
l.158 \left
           (\begin{array}{c} -3\\ 0\\ 5 \end{array}\right)
? 
! Missing $ inserted.
<inserted text> 
                $
l.160 
      
? 
! Missing $ inserted.
<inserted text> 
                $
l.170 \left
           (\begin{array}{ccc} 0 & -1 & -3\\ 0 & 0 & 0\\ 1 & 2 & 5 \end{arra...

? 
! Missing $ inserted.
<inserted text> 
                $
l.171 
      
? 
! Missing $ inserted.
<inserted text> 
                $
l.181 \left
           (\begin{array}{ccc} 1 & 0 & -1 \end{array}\right)
? 
! Missing $ inserted.
<inserted text> 
                $
l.182 
      
? 
! Missing $ inserted.
<inserted text> 
                $
l.183  C*A^
           2
? 
! Missing $ inserted.
<inserted text> 
                $
l.184 
      
? 
[2]
! Missing $ inserted.
<inserted text> 
                $
l.189 latex(sym(C*A^
                    2))
? 
! Missing $ inserted.
<inserted text> 
                $
l.190 
      
? 
! Missing $ inserted.
<inserted text> 
                $
l.193 \left
           (\begin{array}{ccc} 2 & 0 & -3 \end{array}\right)
? 
! Missing $ inserted.
<inserted text> 
                $
l.194 
      
? 
! Missing $ inserted.
<inserted text> 
                $
l.206 \left
           (\begin{array}{ccc} 1 & 0 & 0\\ 1 & 0 & -1\\ 2 & 0 & -3 \end{arra...

? 
! Missing $ inserted.
<inserted text> 
                $
l.207 
      
? 
! Missing $ inserted.
<inserted text> 
                $
l.214 s^
        3 - s^2 - 5*s + 2
? 
! Missing $ inserted.
<inserted text> 
                $
l.215 
      
? 
! Missing $ inserted.
<inserted text> 
                $
l.220 s^
        3 - s^2 - 5\, s + 2
? 
! Missing $ inserted.
<inserted text> 
                $
l.221 
      
? 
! Missing $ inserted.
<inserted text> 
                $
l.222  solve(s^
               3 - s^2 - 5*s + 2)
? 
! Missing $ inserted.
<inserted text> 
                $
l.223 
      
? 
! Missing $ inserted.
<inserted text> 
                $
l.227  5^
         (1/2)/2 + 3/2=2.618
? 
! Missing $ inserted.
<inserted text> 
                $
l.229 
      
? 
! Missing $ inserted.
<inserted text> 
                $
l.250 \left
           (\begin{array}{ccc} 2 & 0 & 1\\ -1 & 0 & 0\\ 0 & 1 & 0 \end{array...

? 
! Missing delimiter (. inserted).
<to be read again> 
                   \par 
l.251 
      
? 
! Missing $ inserted.
<inserted text> 
                $
l.251 
      
? 
! Missing $ inserted.
<inserted text> 
                $
l.252 latex(sym(Pc^
                   -1))
? 
! Missing $ inserted.
<inserted text> 
                $
l.253 
      
? 
! Missing $ inserted.
<inserted text> 
                $
l.256 \left
           (\begin{array}{ccc} 0 & -1 & 0\\ 0 & 0 & 1\\ 1 & 2 & 0 \end{array...

? 
! Missing $ inserted.
<inserted text> 
                $
l.257 
      
? 
! Missing $ inserted.
<inserted text> 
                $
l.258 Aba=Pc*A*Pc^
                  -1
? 
! Missing $ inserted.
<inserted text> 
                $
l.259 
      
? 
! Missing $ inserted.
<inserted text> 
                $
l.269 \left
           (\begin{array}{ccc} 0 & -1 & 0\\ 1 & 3 & 0\\ 0 & 0 & -2 \end{arra...

? 
! Missing $ inserted.
<inserted text> 
                $
l.270 
      
? 
! Missing $ inserted.
<inserted text> 
                $
l.271 Bba=Pc^
             *B
? 
! Missing $ inserted.
<inserted text> 
                $
l.272 
      
? 
! Missing $ inserted.
<inserted text> 
                $
l.282 \left
           (\begin{array}{c} 1\\ 0\\ 0 \end{array}\right)
? 
! Missing $ inserted.
<inserted text> 
                $
l.283 
      
? 
! Missing $ inserted.
<inserted text> 
                $
l.294 \left
           (\begin{array}{ccc} 0 & -1 & 0 \end{array}\right)
? 
! Missing $ inserted.
<inserted text> 
                $
l.295 
      
? 
! Missing $ inserted.
<inserted text> 
                $
l.309 \left
           (\begin{array}{ccc} 1 & 0 & 0\\ 1 & 0 & -1\\ 0 & 1 & 0 \end{array...

? 
[3]
! Missing $ inserted.
<inserted text> 
                $
l.310 
      
? 
! Missing $ inserted.
<inserted text> 
                $
l.311  Po^
          -1
? 
! Missing $ inserted.
<inserted text> 
                $
l.312 
      
? 
! Missing $ inserted.
<inserted text> 
                $
l.318 latex(sym(Po^
                   -1))
? 
! Missing $ inserted.
<inserted text> 
                $
l.319 
      
? 
! Missing $ inserted.
<inserted text> 
                $
l.322 \left
           (\begin{array}{ccc} 1 & 0 & 0\\ 0 & 0 & 1\\ 1 & -1 & 0 \end{array...

? 
! Missing $ inserted.
<inserted text> 
                $
l.323 
      
? 
! Missing $ inserted.
<inserted text> 
                $
l.324 Abb=Po*A*Po^
                  -1
? 
! Missing $ inserted.
<inserted text> 
                $
l.325 
      
? 
! Missing $ inserted.
<inserted text> 
                $
l.335 \left
           (\begin{array}{ccc} 0 & 1 & 0\\ -1 & 3 & 0\\ 0 & 0 & -2 \end{arra...

? 
! Missing $ inserted.
<inserted text> 
                $
l.336 
      
? 
! Missing $ inserted.
<inserted text> 
                $
l.348 \left
           (\begin{array}{c} 0\\ -1\\ 0 \end{array}\right)
? 
! Missing $ inserted.
<inserted text> 
                $
l.349 
      
? 
! Missing $ inserted.
<inserted text> 
                $
l.350 Cbb=C*Po^
               -1
? 
! Missing $ inserted.
<inserted text> 
                $
l.351 
      
? 
! Missing $ inserted.
<inserted text> 
                $
l.359 \left
           (\begin{array}{ccc} 1 & 0 & 0 \end{array}\right)
? 
! Missing $ inserted.
<inserted text> 
                $
l.360 
      
? 
[4] (./现代控制.aux) ) 
Here is how much of TeX's memory you used:
 13520 strings out of 493918
 278990 string characters out of 6150562
 335221 words of memory out of 5000000
 16742 multiletter control sequences out of 15000+600000
 6480 words of font info for 36 fonts, out of 8000000 for 9000
 1144 hyphenation exceptions out of 8191
 46i,12n,35p,10411b,187s stack positions out of 5000i,500n,10000p,200000b,80000s

Output written on 现代控制.pdf (4 pages).
